::1 POST /register 404 38 - 1.217 ms
::1 POST /auth/register 200 54 - 189.110 ms
::1 POST /auth/login 200 198 - 108.500 ms
::1 POST /books 201 269 - 95.167 ms
::1 POST /books 201 241 - 91.955 ms
::1 POST /books 400 259 - 45.655 ms
::1 POST /books 201 257 - 93.401 ms
::1 POST /books 201 234 - 89.376 ms
::1 POST /books 201 199 - 113.430 ms
::1 POST /books 201 222 - 96.802 ms
::1 GET /books 200 1309 - 50.209 ms
::1 GET /books/6917501da3f38bc9df0426ea 200 234 - 45.685 ms
::1 DELETE /books/6917501da3f38bc9df0426ea 200 234 - 49.350 ms
::1 GET /books/6917501da3f38bc9df0426ea 404 59 - 42.256 ms
::1 PATCH /books/691750528550dac4e181df4d 200 220 - 57.501 ms
::1 PATCH /books/691750528550dac4e181df4d 200 220 - 45.694 ms
::1 POST /auth/register 409 56 - 131.125 ms
::1 POST /auth/register 200 54 - 169.322 ms
::1 POST /auth/login 200 198 - 110.248 ms
::1 POST /books 400 48 - 50.064 ms
::1 POST /books 201 217 - 92.020 ms
::1 PATCH /books/691750528550dac4e181df4d 200 220 - 52.402 ms
::1 PATCH /books/691750528550dac4e181df4d 200 220 - 48.746 ms
::1 DELETE /books/6917501da3f38bc9df0426ea 404 52 - 43.421 ms
::1 GET /books/6917501da3f38bc9df0426ea 404 59 - 43.822 ms
::1 GET /books 200 1313 - 44.670 ms
::1 PATCH /books/691750528550dac4e181df4d 200 220 - 64.088 ms
::1 PATCH /books/691750528550dac4e181df4d 200 220 - 51.067 ms
